TN:
SF:app.js
FN:8,(anonymous_0)
FN:9,(anonymous_1)
FN:10,(anonymous_2)
FN:11,(anonymous_3)
FN:22,(anonymous_4)
FN:26,(anonymous_5)
FN:31,(anonymous_6)
FN:47,(anonymous_7)
FN:51,(anonymous_8)
FN:63,(anonymous_9)
FN:64,(anonymous_10)
FNF:11
FNH:9
FNDA:4,(anonymous_0)
FNDA:2,(anonymous_1)
FNDA:2,(anonymous_2)
FNDA:4,(anonymous_3)
FNDA:1,(anonymous_4)
FNDA:1,(anonymous_5)
FNDA:3,(anonymous_6)
FNDA:1,(anonymous_7)
FNDA:2,(anonymous_8)
FNDA:0,(anonymous_9)
FNDA:0,(anonymous_10)
DA:1,2
DA:2,2
DA:4,2
DA:7,2
DA:8,4
DA:9,2
DA:10,2
DA:12,4
DA:13,2
DA:18,2
DA:19,2
DA:22,2
DA:23,1
DA:26,2
DA:27,1
DA:31,2
DA:32,3
DA:34,3
DA:35,1
DA:38,2
DA:39,2
DA:40,1
DA:42,1
DA:47,2
DA:48,1
DA:51,2
DA:52,2
DA:54,2
DA:55,1
DA:58,1
DA:59,1
DA:60,1
DA:63,2
DA:64,0
DA:65,0
DA:66,0
DA:68,0
DA:72,2
LF:38
LH:34
BRDA:12,0,0,2
BRDA:12,0,1,2
BRDA:34,1,0,1
BRDA:34,1,1,2
BRDA:34,2,0,3
BRDA:34,2,1,3
BRDA:34,2,2,3
BRDA:54,3,0,1
BRDA:54,3,1,1
BRDA:54,4,0,2
BRDA:54,4,1,2
BRDA:65,5,0,0
BRDA:65,5,1,0
BRF:13
BRH:11
end_of_record
